
   FAIL  Tests\Feature\Auth\RegistrationTest
  Ô¿» registratÔÇª 0.36s  
  Ô¿» new usersÔÇª 0.02s  
  ÔöÇÔöÇÔöÇÔöÇÔöÇÔöÇÔöÇÔöÇÔöÇÔöÇÔöÇÔöÇÔöÇÔöÇÔöÇÔöÇÔöÇÔöÇ  
   FAILED  Tests\Feature\Auth\RegistrationTest > registration screen can be rendered  RouteNotFoundException   
  Route [register] not defined.

  at vendor\laravel\framework\src\Illuminate\Routing\UrlGenerator.php:526
    522Ôûò             ! is_null($url = call_user_func($this->missingNamedRouteResolver, $name, $parameters, $absolute))) {
    523Ôûò             return $url;
    524Ôûò         }
    525Ôûò 
  Ô×£ 526Ôûò         throw new RouteNotFoundException("Route [{$name}] not defined.");
    527Ôûò     }
    528Ôûò 
    529Ôûò     /**
    530Ôûò      * Get the URL for a given route instance.

  1   vendor\laravel\framework\src\Illuminate\Routing\UrlGenerator.php:526
  2   vendor\laravel\framework\src\Illuminate\Foundation\helpers.php:871

  ÔöÇÔöÇÔöÇÔöÇÔöÇÔöÇÔöÇÔöÇÔöÇÔöÇÔöÇÔöÇÔöÇÔöÇÔöÇÔöÇÔöÇÔöÇ  
   FAILED  Tests\Feature\Auth\RegistrationTest > new users can register  RouteNotFoundException   
  Route [register.store] not defined.

  at vendor\laravel\framework\src\Illuminate\Routing\UrlGenerator.php:526
    522Ôûò             ! is_null($url = call_user_func($this->missingNamedRouteResolver, $name, $parameters, $absolute))) {
    523Ôûò             return $url;
    524Ôûò         }
    525Ôûò 
  Ô×£ 526Ôûò         throw new RouteNotFoundException("Route [{$name}] not defined.");
    527Ôûò     }
    528Ôûò 
    529Ôûò     /**
    530Ôûò      * Get the URL for a given route instance.

  1   vendor\laravel\framework\src\Illuminate\Routing\UrlGenerator.php:526
  2   vendor\laravel\framework\src\Illuminate\Foundation\helpers.php:871


  Tests:    2 failed (0 assertions)
  Duration: 0.63s

